生成启动时间为 2023/7/8 13:50:06。
     1>项目“F:\code\clanguage\test_07_06\test_07_06.vcxproj”在节点 2 上(Build 个目标)。
     1>ClCompile:
         D:\vs2013\VC\bin\CL.exe /c /ZI /nologo /W3 /WX- /sdl /Od /Oy- /D _MBCS /Gm /EHsc /RTC1 /MDd /GS /fp:precise /Zc:wchar_t /Zc:forScope /Fo"Debug\\" /Fd"Debug\vc120.pdb" /Gd /TC /analyze- /errorReport:prompt add.c test.c
         test.c
         add.c
         正在生成代码...
       Link:
         D:\vs2013\VC\bin\link.exe /ERRORREPORT:PROMPT /OUT:"F:\code\clanguage\test_07_06\Debug\test_07_06.exe" /INCREMENTAL /NOLOGO kernel32.lib user32.lib gdi32.lib winspool.lib comdlg32.lib advapi32.lib shell32.lib ole32.lib oleaut32.lib uuid.lib odbc32.lib odbccp32.lib /MANIFEST /MANIFESTUAC:"level='asInvoker' uiAccess='false'" /manifest:embed /DEBUG /PDB:"F:\code\clanguage\test_07_06\Debug\test_07_06.pdb" /SUBSYSTEM:CONSOLE /TLBID:1 /DYNAMICBASE /NXCOMPAT /IMPLIB:"F:\code\clanguage\test_07_06\Debug\test_07_06.lib" /MACHINE:X86 Debug\add.obj
         Debug\test.obj
     1>test.obj : error LNK2019: 无法解析的外部符号 _add，该符号在函数 _main 中被引用
     1>F:\code\clanguage\test_07_06\Debug\test_07_06.exe : fatal error LNK1120: 1 个无法解析的外部命令
     1>已完成生成项目“F:\code\clanguage\test_07_06\test_07_06.vcxproj”(Build 个目标)的操作 - 失败。

生成失败。

已用时间 00:00:00.89
